{"C:\\Driven\\projetos\\drivent_week4\\src\\app.ts": {"path":"C:\\Driven\\projetos\\drivent_week4\\src\\app.ts","statementMap":{"0":{"start":{"line":1,"column":0},"end":{"line":1,"column":26}},"1":{"start":{"line":2,"column":0},"end":{"line":2,"column":30}},"2":{"start":{"line":3,"column":0},"end":{"line":3,"column":43}},"3":{"start":{"line":4,"column":0},"end":{"line":4,"column":24}},"4":{"start":{"line":6,"column":0},"end":{"line":6,"column":60}},"5":{"start":{"line":8,"column":0},"end":{"line":8,"column":10}},"6":{"start":{"line":10,"column":0},"end":{"line":10,"column":56}},"7":{"start":{"line":11,"column":0},"end":{"line":11,"column":null}},"8":{"start":{"line":22,"column":12},"end":{"line":22,"column":21}},"9":{"start":{"line":23,"column":0},"end":{"line":35,"column":32}},"10":{"start":{"line":26,"column":33},"end":{"line":26,"column":48}},"11":{"start":{"line":38,"column":2},"end":{"line":38,"column":14}},"12":{"start":{"line":39,"column":2},"end":{"line":39,"column":30}},"13":{"start":{"line":37,"column":0},"end":{"line":37,"column":16}},"14":{"start":{"line":43,"column":2},"end":{"line":43,"column":23}},"15":{"start":{"line":42,"column":0},"end":{"line":42,"column":7}},"16":{"start":{"line":46,"column":0},"end":{"line":46,"column":19}}},"fnMap":{"0":{"name":"(anonymous_1)","decl":{"start":{"line":26,"column":18},"end":{"line":26,"column":19}},"loc":{"start":{"line":26,"column":33},"end":{"line":26,"column":48}}},"1":{"name":"init","decl":{"start":{"line":37,"column":16},"end":{"line":37,"column":20}},"loc":{"start":{"line":37,"column":20},"end":{"line":40,"column":1}}},"2":{"name":"close","decl":{"start":{"line":42,"column":22},"end":{"line":42,"column":27}},"loc":{"start":{"line":42,"column":27},"end":{"line":44,"column":1}}}},"branchMap":{},"s":{"0":11,"1":11,"2":11,"3":11,"4":11,"5":11,"6":11,"7":11,"8":11,"9":11,"10":1,"11":11,"12":11,"13":11,"14":0,"15":11,"16":11},"f":{"0":1,"1":11,"2":0},"b":{}}
,"C:\\Driven\\projetos\\drivent_week4\\src\\controllers\\booking-controller.ts": {"path":"C:\\Driven\\projetos\\drivent_week4\\src\\controllers\\booking-controller.ts","statementMap":{"0":{"start":{"line":2,"column":0},"end":{"line":2,"column":37}},"1":{"start":{"line":4,"column":0},"end":{"line":4,"column":56}},"2":{"start":{"line":7,"column":2},"end":{"line":13,"column":null}},"3":{"start":{"line":8,"column":23},"end":{"line":8,"column":26}},"4":{"start":{"line":9,"column":31},"end":{"line":9,"column":68}},"5":{"start":{"line":10,"column":4},"end":{"line":10,"column":33}},"6":{"start":{"line":12,"column":4},"end":{"line":12,"column":84}},"7":{"start":{"line":12,"column":40},"end":{"line":12,"column":84}},"8":{"start":{"line":6,"column":0},"end":{"line":6,"column":7}},"9":{"start":{"line":17,"column":2},"end":{"line":25,"column":null}},"10":{"start":{"line":18,"column":23},"end":{"line":18,"column":31}},"11":{"start":{"line":19,"column":23},"end":{"line":19,"column":26}},"12":{"start":{"line":20,"column":20},"end":{"line":20,"column":75}},"13":{"start":{"line":21,"column":4},"end":{"line":21,"column":54}},"14":{"start":{"line":23,"column":4},"end":{"line":23,"column":85}},"15":{"start":{"line":23,"column":41},"end":{"line":23,"column":85}},"16":{"start":{"line":24,"column":4},"end":{"line":24,"column":84}},"17":{"start":{"line":24,"column":40},"end":{"line":24,"column":84}},"18":{"start":{"line":16,"column":0},"end":{"line":16,"column":7}},"19":{"start":{"line":29,"column":2},"end":{"line":40,"column":null}},"20":{"start":{"line":30,"column":23},"end":{"line":30,"column":31}},"21":{"start":{"line":31,"column":26},"end":{"line":31,"column":36}},"22":{"start":{"line":32,"column":23},"end":{"line":32,"column":26}},"23":{"start":{"line":34,"column":17},"end":{"line":34,"column":50}},"24":{"start":{"line":35,"column":4},"end":{"line":35,"column":19}},"25":{"start":{"line":37,"column":4},"end":{"line":37,"column":85}},"26":{"start":{"line":37,"column":41},"end":{"line":37,"column":85}},"27":{"start":{"line":38,"column":4},"end":{"line":38,"column":84}},"28":{"start":{"line":38,"column":40},"end":{"line":38,"column":84}},"29":{"start":{"line":39,"column":4},"end":{"line":39,"column":99}},"30":{"start":{"line":39,"column":48},"end":{"line":39,"column":99}},"31":{"start":{"line":28,"column":0},"end":{"line":28,"column":7}}},"fnMap":{"0":{"name":"listRoomsReserves","decl":{"start":{"line":6,"column":22},"end":{"line":6,"column":39}},"loc":{"start":{"line":6,"column":80},"end":{"line":14,"column":1}}},"1":{"name":"reserveRoom","decl":{"start":{"line":16,"column":22},"end":{"line":16,"column":33}},"loc":{"start":{"line":16,"column":74},"end":{"line":26,"column":1}}},"2":{"name":"changeReserve","decl":{"start":{"line":28,"column":22},"end":{"line":28,"column":35}},"loc":{"start":{"line":28,"column":76},"end":{"line":41,"column":1}}}},"branchMap":{"0":{"loc":{"start":{"line":12,"column":4},"end":{"line":12,"column":84}},"type":"if","locations":[{"start":{"line":12,"column":4},"end":{"line":12,"column":84}}]},"1":{"loc":{"start":{"line":23,"column":4},"end":{"line":23,"column":85}},"type":"if","locations":[{"start":{"line":23,"column":4},"end":{"line":23,"column":85}}]},"2":{"loc":{"start":{"line":24,"column":4},"end":{"line":24,"column":84}},"type":"if","locations":[{"start":{"line":24,"column":4},"end":{"line":24,"column":84}}]},"3":{"loc":{"start":{"line":37,"column":4},"end":{"line":37,"column":85}},"type":"if","locations":[{"start":{"line":37,"column":4},"end":{"line":37,"column":85}}]},"4":{"loc":{"start":{"line":38,"column":4},"end":{"line":38,"column":84}},"type":"if","locations":[{"start":{"line":38,"column":4},"end":{"line":38,"column":84}}]},"5":{"loc":{"start":{"line":39,"column":4},"end":{"line":39,"column":99}},"type":"if","locations":[{"start":{"line":39,"column":4},"end":{"line":39,"column":99}}]}},"s":{"0":11,"1":11,"2":1,"3":1,"4":1,"5":0,"6":1,"7":1,"8":11,"9":1,"10":1,"11":1,"12":1,"13":0,"14":1,"15":1,"16":0,"17":0,"18":11,"19":0,"20":0,"21":0,"22":0,"23":0,"24":0,"25":0,"26":0,"27":0,"28":0,"29":0,"30":0,"31":11},"f":{"0":1,"1":1,"2":0},"b":{"0":[1],"1":[1],"2":[0],"3":[0],"4":[0],"5":[0]}}
,"C:\\Driven\\projetos\\drivent_week4\\src\\errors\\index.ts": {"path":"C:\\Driven\\projetos\\drivent_week4\\src\\errors\\index.ts","statementMap":{"0":{"start":{"line":1,"column":0},"end":{"line":1,"column":56}},"1":{"start":{"line":2,"column":0},"end":{"line":2,"column":33}},"2":{"start":{"line":3,"column":0},"end":{"line":3,"column":37}},"3":{"start":{"line":4,"column":0},"end":{"line":4,"column":38}},"4":{"start":{"line":5,"column":0},"end":{"line":5,"column":34}},"5":{"start":{"line":6,"column":0},"end":{"line":6,"column":37}},"6":{"start":{"line":7,"column":0},"end":{"line":7,"column":32}}},"fnMap":{},"branchMap":{},"s":{"0":11,"1":11,"2":11,"3":11,"4":11,"5":11,"6":11},"f":{},"b":{}}
,"C:\\Driven\\projetos\\drivent_week4\\src\\errors\\no-vacancy-error.ts": {"path":"C:\\Driven\\projetos\\drivent_week4\\src\\errors\\no-vacancy-error.ts","statementMap":{"0":{"start":{"line":4,"column":2},"end":{"line":7,"column":4}},"1":{"start":{"line":3,"column":0},"end":{"line":3,"column":16}}},"fnMap":{"0":{"name":"noVacancyError","decl":{"start":{"line":3,"column":16},"end":{"line":3,"column":30}},"loc":{"start":{"line":3,"column":30},"end":{"line":8,"column":1}}}},"branchMap":{},"s":{"0":3,"1":11},"f":{"0":3},"b":{}}
,"C:\\Driven\\projetos\\drivent_week4\\src\\repositories\\booking-repository\\index.ts": {"path":"C:\\Driven\\projetos\\drivent_week4\\src\\repositories\\booking-repository\\index.ts","statementMap":{"0":{"start":{"line":1,"column":0},"end":{"line":1,"column":34}},"1":{"start":{"line":4,"column":2},"end":{"line":7,"column":5}},"2":{"start":{"line":11,"column":2},"end":{"line":17,"column":5}},"3":{"start":{"line":20,"column":26},"end":{"line":23,"column":2}},"4":{"start":{"line":25,"column":0},"end":{"line":25,"column":33}}},"fnMap":{"0":{"name":"findReserveByUserId","decl":{"start":{"line":3,"column":15},"end":{"line":3,"column":34}},"loc":{"start":{"line":3,"column":49},"end":{"line":8,"column":1}}},"1":{"name":"create","decl":{"start":{"line":10,"column":15},"end":{"line":10,"column":21}},"loc":{"start":{"line":10,"column":52},"end":{"line":18,"column":1}}}},"branchMap":{},"s":{"0":11,"1":1,"2":0,"3":11,"4":11},"f":{"0":1,"1":0},"b":{}}
,"C:\\Driven\\projetos\\drivent_week4\\src\\repositories\\room-repository\\index.ts": {"path":"C:\\Driven\\projetos\\drivent_week4\\src\\repositories\\room-repository\\index.ts","statementMap":{"0":{"start":{"line":1,"column":0},"end":{"line":1,"column":34}},"1":{"start":{"line":4,"column":2},"end":{"line":6,"column":5}},"2":{"start":{"line":9,"column":23},"end":{"line":11,"column":2}},"3":{"start":{"line":12,"column":0},"end":{"line":12,"column":30}}},"fnMap":{"0":{"name":"findRoomById","decl":{"start":{"line":3,"column":15},"end":{"line":3,"column":27}},"loc":{"start":{"line":3,"column":42},"end":{"line":7,"column":1}}}},"branchMap":{},"s":{"0":11,"1":0,"2":11,"3":11},"f":{"0":0},"b":{}}
,"C:\\Driven\\projetos\\drivent_week4\\src\\repositories\\tickets-repository\\index.ts": {"path":"C:\\Driven\\projetos\\drivent_week4\\src\\repositories\\tickets-repository\\index.ts","statementMap":{"0":{"start":{"line":1,"column":0},"end":{"line":1,"column":58}},"1":{"start":{"line":2,"column":0},"end":{"line":2,"column":34}},"2":{"start":{"line":6,"column":2},"end":{"line":6,"column":38}},"3":{"start":{"line":10,"column":2},"end":{"line":15,"column":5}},"4":{"start":{"line":19,"column":2},"end":{"line":21,"column":5}},"5":{"start":{"line":25,"column":2},"end":{"line":32,"column":5}},"6":{"start":{"line":36,"column":2},"end":{"line":43,"column":5}},"7":{"start":{"line":47,"column":2},"end":{"line":54,"column":5}},"8":{"start":{"line":57,"column":0},"end":{"line":64,"column":2}}},"fnMap":{"0":{"name":"findTicketTypes","decl":{"start":{"line":5,"column":15},"end":{"line":5,"column":30}},"loc":{"start":{"line":5,"column":30},"end":{"line":7,"column":1}}},"1":{"name":"findTicketByEnrollmentId","decl":{"start":{"line":9,"column":15},"end":{"line":9,"column":39}},"loc":{"start":{"line":9,"column":60},"end":{"line":16,"column":1}}},"2":{"name":"createTicket","decl":{"start":{"line":18,"column":15},"end":{"line":18,"column":27}},"loc":{"start":{"line":18,"column":54},"end":{"line":22,"column":1}}},"3":{"name":"findTickeyById","decl":{"start":{"line":24,"column":15},"end":{"line":24,"column":29}},"loc":{"start":{"line":24,"column":46},"end":{"line":33,"column":1}}},"4":{"name":"findTickeWithTypeById","decl":{"start":{"line":35,"column":15},"end":{"line":35,"column":36}},"loc":{"start":{"line":35,"column":53},"end":{"line":44,"column":1}}},"5":{"name":"ticketProcessPayment","decl":{"start":{"line":46,"column":15},"end":{"line":46,"column":35}},"loc":{"start":{"line":46,"column":52},"end":{"line":55,"column":1}}}},"branchMap":{},"s":{"0":11,"1":11,"2":2,"3":13,"4":2,"5":8,"6":3,"7":3,"8":11},"f":{"0":2,"1":13,"2":2,"3":8,"4":3,"5":3},"b":{}}
,"C:\\Driven\\projetos\\drivent_week4\\src\\services\\booking-service\\index.ts": {"path":"C:\\Driven\\projetos\\drivent_week4\\src\\services\\booking-service\\index.ts","statementMap":{"0":{"start":{"line":1,"column":0},"end":{"line":1,"column":72}},"1":{"start":{"line":2,"column":0},"end":{"line":2,"column":41}},"2":{"start":{"line":3,"column":0},"end":{"line":3,"column":66}},"3":{"start":{"line":4,"column":0},"end":{"line":4,"column":66}},"4":{"start":{"line":5,"column":0},"end":{"line":5,"column":59}},"5":{"start":{"line":6,"column":0},"end":{"line":6,"column":60}},"6":{"start":{"line":9,"column":21},"end":{"line":9,"column":79}},"7":{"start":{"line":10,"column":2},"end":{"line":10,"column":41}},"8":{"start":{"line":10,"column":19},"end":{"line":10,"column":41}},"9":{"start":{"line":12,"column":17},"end":{"line":12,"column":80}},"10":{"start":{"line":13,"column":2},"end":{"line":15,"column":null}},"11":{"start":{"line":14,"column":4},"end":{"line":14,"column":27}},"12":{"start":{"line":19,"column":18},"end":{"line":19,"column":69}},"13":{"start":{"line":21,"column":2},"end":{"line":21,"column":38}},"14":{"start":{"line":21,"column":16},"end":{"line":21,"column":38}},"15":{"start":{"line":22,"column":2},"end":{"line":25,"column":4}},"16":{"start":{"line":29,"column":2},"end":{"line":29,"column":43}},"17":{"start":{"line":31,"column":15},"end":{"line":31,"column":56}},"18":{"start":{"line":33,"column":2},"end":{"line":33,"column":35}},"19":{"start":{"line":33,"column":13},"end":{"line":33,"column":35}},"20":{"start":{"line":35,"column":2},"end":{"line":35,"column":48}},"21":{"start":{"line":35,"column":25},"end":{"line":35,"column":48}},"22":{"start":{"line":37,"column":18},"end":{"line":37,"column":64}},"23":{"start":{"line":38,"column":2},"end":{"line":38,"column":17}},"24":{"start":{"line":42,"column":2},"end":{"line":42,"column":11}},"25":{"start":{"line":45,"column":23},"end":{"line":49,"column":2}},"26":{"start":{"line":51,"column":0},"end":{"line":51,"column":30}}},"fnMap":{"0":{"name":"checkIntegrityAndlistRooms","decl":{"start":{"line":8,"column":15},"end":{"line":8,"column":41}},"loc":{"start":{"line":8,"column":56},"end":{"line":16,"column":1}}},"1":{"name":"getRooms","decl":{"start":{"line":18,"column":15},"end":{"line":18,"column":23}},"loc":{"start":{"line":18,"column":38},"end":{"line":26,"column":1}}},"2":{"name":"makeReseve","decl":{"start":{"line":28,"column":15},"end":{"line":28,"column":25}},"loc":{"start":{"line":28,"column":56},"end":{"line":39,"column":1}}},"3":{"name":"changeRoom","decl":{"start":{"line":41,"column":15},"end":{"line":41,"column":25}},"loc":{"start":{"line":41,"column":79},"end":{"line":43,"column":1}}}},"branchMap":{"0":{"loc":{"start":{"line":10,"column":2},"end":{"line":10,"column":41}},"type":"if","locations":[{"start":{"line":10,"column":2},"end":{"line":10,"column":41}}]},"1":{"loc":{"start":{"line":13,"column":2},"end":{"line":15,"column":null}},"type":"if","locations":[{"start":{"line":13,"column":2},"end":{"line":15,"column":null}}]},"2":{"loc":{"start":{"line":13,"column":6},"end":{"line":13,"column":111}},"type":"binary-expr","locations":[{"start":{"line":13,"column":6},"end":{"line":13,"column":13}},{"start":{"line":13,"column":17},"end":{"line":13,"column":45}},{"start":{"line":13,"column":49},"end":{"line":13,"column":81}},{"start":{"line":13,"column":85},"end":{"line":13,"column":111}}]},"3":{"loc":{"start":{"line":21,"column":2},"end":{"line":21,"column":38}},"type":"if","locations":[{"start":{"line":21,"column":2},"end":{"line":21,"column":38}}]},"4":{"loc":{"start":{"line":33,"column":2},"end":{"line":33,"column":35}},"type":"if","locations":[{"start":{"line":33,"column":2},"end":{"line":33,"column":35}}]},"5":{"loc":{"start":{"line":35,"column":2},"end":{"line":35,"column":48}},"type":"if","locations":[{"start":{"line":35,"column":2},"end":{"line":35,"column":48}}]}},"s":{"0":11,"1":11,"2":11,"3":11,"4":11,"5":11,"6":3,"7":3,"8":1,"9":2,"10":2,"11":2,"12":1,"13":1,"14":1,"15":0,"16":3,"17":0,"18":0,"19":0,"20":0,"21":0,"22":0,"23":0,"24":0,"25":11,"26":11},"f":{"0":3,"1":1,"2":3,"3":0},"b":{"0":[1],"1":[2],"2":[2,2,2,2],"3":[1],"4":[0],"5":[0]}}
,"C:\\Driven\\projetos\\drivent_week4\\tests\\helpers.ts": {"path":"C:\\Driven\\projetos\\drivent_week4\\tests\\helpers.ts","statementMap":{"0":{"start":{"line":1,"column":0},"end":{"line":1,"column":36}},"1":{"start":{"line":4,"column":0},"end":{"line":4,"column":41}},"2":{"start":{"line":5,"column":0},"end":{"line":5,"column":61}},"3":{"start":{"line":6,"column":0},"end":{"line":6,"column":34}},"4":{"start":{"line":9,"column":2},"end":{"line":9,"column":38}},"5":{"start":{"line":10,"column":2},"end":{"line":10,"column":38}},"6":{"start":{"line":11,"column":2},"end":{"line":11,"column":38}},"7":{"start":{"line":12,"column":2},"end":{"line":12,"column":37}},"8":{"start":{"line":13,"column":2},"end":{"line":13,"column":41}},"9":{"start":{"line":14,"column":2},"end":{"line":14,"column":36}},"10":{"start":{"line":15,"column":2},"end":{"line":15,"column":38}},"11":{"start":{"line":16,"column":2},"end":{"line":16,"column":35}},"12":{"start":{"line":17,"column":2},"end":{"line":17,"column":41}},"13":{"start":{"line":18,"column":2},"end":{"line":18,"column":35}},"14":{"start":{"line":19,"column":2},"end":{"line":19,"column":36}},"15":{"start":{"line":8,"column":0},"end":{"line":8,"column":7}},"16":{"start":{"line":23,"column":23},"end":{"line":23,"column":51}},"17":{"start":{"line":24,"column":16},"end":{"line":24,"column":77}},"18":{"start":{"line":26,"column":2},"end":{"line":26,"column":29}},"19":{"start":{"line":28,"column":2},"end":{"line":28,"column":15}},"20":{"start":{"line":22,"column":0},"end":{"line":22,"column":7}}},"fnMap":{"0":{"name":"cleanDb","decl":{"start":{"line":8,"column":22},"end":{"line":8,"column":29}},"loc":{"start":{"line":8,"column":29},"end":{"line":20,"column":1}}},"1":{"name":"generateValidToken","decl":{"start":{"line":22,"column":22},"end":{"line":22,"column":40}},"loc":{"start":{"line":22,"column":52},"end":{"line":29,"column":1}}}},"branchMap":{"0":{"loc":{"start":{"line":23,"column":23},"end":{"line":23,"column":51}},"type":"binary-expr","locations":[{"start":{"line":23,"column":23},"end":{"line":23,"column":27}},{"start":{"line":23,"column":32},"end":{"line":23,"column":50}}]}},"s":{"0":10,"1":10,"2":10,"3":10,"4":63,"5":58,"6":58,"7":58,"8":58,"9":58,"10":58,"11":58,"12":58,"13":58,"14":58,"15":10,"16":38,"17":38,"18":38,"19":38,"20":10},"f":{"0":63,"1":38},"b":{"0":[38,9]}}
,"C:\\Driven\\projetos\\drivent_week4\\tests\\factories\\index.ts": {"path":"C:\\Driven\\projetos\\drivent_week4\\tests\\factories\\index.ts","statementMap":{"0":{"start":{"line":1,"column":0},"end":{"line":1,"column":32}},"1":{"start":{"line":2,"column":0},"end":{"line":2,"column":33}},"2":{"start":{"line":3,"column":0},"end":{"line":3,"column":35}},"3":{"start":{"line":4,"column":0},"end":{"line":4,"column":38}},"4":{"start":{"line":5,"column":0},"end":{"line":5,"column":34}},"5":{"start":{"line":6,"column":0},"end":{"line":6,"column":35}},"6":{"start":{"line":7,"column":0},"end":{"line":7,"column":33}}},"fnMap":{},"branchMap":{},"s":{"0":10,"1":10,"2":10,"3":10,"4":10,"5":10,"6":10},"f":{},"b":{}}
}
