TN:
SF:src\app.ts
FN:26,(anonymous_1)
FN:37,init
FN:42,close
FNF:3
FNH:2
FNDA:1,(anonymous_1)
FNDA:11,init
FNDA:0,close
DA:1,11
DA:2,11
DA:3,11
DA:4,11
DA:6,11
DA:8,11
DA:10,11
DA:11,11
DA:22,11
DA:23,11
DA:26,1
DA:37,11
DA:38,11
DA:39,11
DA:42,11
DA:43,0
DA:46,11
LF:17
LH:16
BRF:0
BRH:0
end_of_record
TN:
SF:src\controllers\booking-controller.ts
FN:6,listRoomsReserves
FN:16,reserveRoom
FN:28,changeReserve
FNF:3
FNH:2
FNDA:1,listRoomsReserves
FNDA:1,reserveRoom
FNDA:0,changeReserve
DA:2,11
DA:4,11
DA:6,11
DA:7,1
DA:8,1
DA:9,1
DA:10,0
DA:12,1
DA:16,11
DA:17,1
DA:18,1
DA:19,1
DA:20,1
DA:21,0
DA:23,1
DA:24,0
DA:28,11
DA:29,0
DA:30,0
DA:31,0
DA:32,0
DA:34,0
DA:35,0
DA:37,0
DA:38,0
DA:39,0
LF:26
LH:14
BRDA:12,0,0,1
BRDA:23,1,0,1
BRDA:24,2,0,0
BRDA:37,3,0,0
BRDA:38,4,0,0
BRDA:39,5,0,0
BRF:6
BRH:2
end_of_record
TN:
SF:src\errors\index.ts
FNF:0
FNH:0
DA:1,11
DA:2,11
DA:3,11
DA:4,11
DA:5,11
DA:6,11
DA:7,11
LF:7
LH:7
BRF:0
BRH:0
end_of_record
TN:
SF:src\errors\no-vacancy-error.ts
FN:3,noVacancyError
FNF:1
FNH:1
FNDA:3,noVacancyError
DA:3,11
DA:4,3
LF:2
LH:2
BRF:0
BRH:0
end_of_record
TN:
SF:src\repositories\booking-repository\index.ts
FN:3,findReserveByUserId
FN:10,create
FNF:2
FNH:1
FNDA:1,findReserveByUserId
FNDA:0,create
DA:1,11
DA:4,1
DA:11,0
DA:20,11
DA:25,11
LF:5
LH:4
BRF:0
BRH:0
end_of_record
TN:
SF:src\repositories\room-repository\index.ts
FN:3,findRoomById
FNF:1
FNH:0
FNDA:0,findRoomById
DA:1,11
DA:4,0
DA:9,11
DA:12,11
LF:4
LH:3
BRF:0
BRH:0
end_of_record
TN:
SF:src\repositories\tickets-repository\index.ts
FN:5,findTicketTypes
FN:9,findTicketByEnrollmentId
FN:18,createTicket
FN:24,findTickeyById
FN:35,findTickeWithTypeById
FN:46,ticketProcessPayment
FNF:6
FNH:6
FNDA:2,findTicketTypes
FNDA:13,findTicketByEnrollmentId
FNDA:2,createTicket
FNDA:8,findTickeyById
FNDA:3,findTickeWithTypeById
FNDA:3,ticketProcessPayment
DA:1,11
DA:2,11
DA:6,2
DA:10,13
DA:19,2
DA:25,8
DA:36,3
DA:47,3
DA:57,11
LF:9
LH:9
BRF:0
BRH:0
end_of_record
TN:
SF:src\services\booking-service\index.ts
FN:8,checkIntegrityAndlistRooms
FN:18,getRooms
FN:28,makeReseve
FN:41,changeRoom
FNF:4
FNH:3
FNDA:3,checkIntegrityAndlistRooms
FNDA:1,getRooms
FNDA:3,makeReseve
FNDA:0,changeRoom
DA:1,11
DA:2,11
DA:3,11
DA:4,11
DA:5,11
DA:6,11
DA:9,3
DA:10,3
DA:12,2
DA:13,2
DA:14,2
DA:19,1
DA:21,1
DA:22,0
DA:29,3
DA:31,0
DA:33,0
DA:35,0
DA:37,0
DA:38,0
DA:42,0
DA:45,11
DA:51,11
LF:23
LH:16
BRDA:10,0,0,1
BRDA:13,1,0,2
BRDA:13,2,0,2
BRDA:13,2,1,2
BRDA:13,2,2,2
BRDA:13,2,3,2
BRDA:21,3,0,1
BRDA:33,4,0,0
BRDA:35,5,0,0
BRF:9
BRH:7
end_of_record
TN:
SF:tests\helpers.ts
FN:8,cleanDb
FN:22,generateValidToken
FNF:2
FNH:2
FNDA:63,cleanDb
FNDA:38,generateValidToken
DA:1,10
DA:4,10
DA:5,10
DA:6,10
DA:8,10
DA:9,63
DA:10,58
DA:11,58
DA:12,58
DA:13,58
DA:14,58
DA:15,58
DA:16,58
DA:17,58
DA:18,58
DA:19,58
DA:22,10
DA:23,38
DA:24,38
DA:26,38
DA:28,38
LF:21
LH:21
BRDA:23,0,0,38
BRDA:23,0,1,9
BRF:2
BRH:2
end_of_record
TN:
SF:tests\factories\index.ts
FNF:0
FNH:0
DA:1,10
DA:2,10
DA:3,10
DA:4,10
DA:5,10
DA:6,10
DA:7,10
LF:7
LH:7
BRF:0
BRH:0
end_of_record
